<?xml version="1.0" encoding="UTF-8"?>
<!-- Generated by org.testng.reporters.JUnitReportReporter -->
<testsuite skipped="0" hostname="hp" name="com.inetbanking.testcases.TC01_LoginTest" tests="1" failures="0" timestamp="2023-02-19T13:54:08 IST" time="2.559" errors="0">
  <testcase name="loginTest" time="2.559" classname="com.inetbanking.testcases.TC01_LoginTest"/>
  <system-out/>
</testsuite> <!-- com.inetbanking.testcases.TC01_LoginTest -->
